[0m17:05:04.929993 [debug] [MainThread]: Sending event: {'category': 'dbt', 'action': 'invocation', 'label': 'start', 'context': [<snowplow_tracker.self_describing_json.SelfDescribingJson object at 0x0000017C9A9F44D0>, <snowplow_tracker.self_describing_json.SelfDescribingJson object at 0x0000017C9CA27290>, <snowplow_tracker.self_describing_json.SelfDescribingJson object at 0x0000017C9CA24380>]}


============================== 17:05:04.942104 | 66fd4f7b-83f0-4fe0-b18f-093528d6bb36 ==============================
[0m17:05:04.942104 [info ] [MainThread]: Running with dbt=1.8.9
[0m17:05:04.942104 [debug] [MainThread]: running dbt with arguments {'printer_width': '80', 'indirect_selection': 'eager', 'write_json': 'True', 'log_cache_events': 'False', 'partial_parse': 'True', 'cache_selected_only': 'False', 'warn_error': 'None', 'version_check': 'True', 'profiles_dir': 'C:\\Users\\fajri\\.dbt', 'log_path': 'logs', 'fail_fast': 'False', 'debug': 'False', 'use_colors': 'True', 'use_experimental_parser': 'False', 'no_print': 'None', 'quiet': 'False', 'empty': 'None', 'log_format': 'default', 'static_parser': 'True', 'introspect': 'True', 'warn_error_options': 'WarnErrorOptions(include=[], exclude=[])', 'target_path': 'None', 'invocation_command': 'dbt init', 'send_anonymous_usage_stats': 'True'}
[0m17:05:30.218466 [debug] [MainThread]: Starter project path: D:\practice\Amazon Sale\venv\Lib\site-packages\dbt\include\starter_project
[0m17:05:30.305423 [info ] [MainThread]: 
Your new dbt project "amazon_datawarehouse" was created!

For more information on how to configure the profiles.yml file,
please consult the dbt documentation here:

  https://docs.getdbt.com/docs/configure-your-profile

One more thing:

Need help? Don't hesitate to reach out to us via GitHub issues or on Slack:

  https://community.getdbt.com/

Happy modeling!

[0m17:05:30.305423 [info ] [MainThread]: Setting up your profile.
[0m17:08:41.106807 [info ] [MainThread]: Profile amazon_datawarehouse written to C:\Users\fajri\.dbt\profiles.yml using target's profile_template.yml and your supplied values. Run 'dbt debug' to validate the connection.
[0m17:08:41.111604 [debug] [MainThread]: Command `dbt init` succeeded at 17:08:41.111604 after 216.56 seconds
[0m17:08:41.116914 [debug] [MainThread]: Sending event: {'category': 'dbt', 'action': 'invocation', 'label': 'end', 'context': [<snowplow_tracker.self_describing_json.SelfDescribingJson object at 0x0000017C9D1C8440>, <snowplow_tracker.self_describing_json.SelfDescribingJson object at 0x0000017C9D3CDE80>, <snowplow_tracker.self_describing_json.SelfDescribingJson object at 0x0000017CB676F440>]}
[0m17:08:41.120976 [debug] [MainThread]: Flushing usage events
[0m19:30:06.017806 [debug] [MainThread]: Sending event: {'category': 'dbt', 'action': 'invocation', 'label': 'start', 'context': [<snowplow_tracker.self_describing_json.SelfDescribingJson object at 0x0000023B6CC88080>, <snowplow_tracker.self_describing_json.SelfDescribingJson object at 0x0000023B69DC98B0>, <snowplow_tracker.self_describing_json.SelfDescribingJson object at 0x0000023B6CA09220>]}


============================== 19:30:06.020820 | 0d006133-2680-4f15-aeba-773195b654a1 ==============================
[0m19:30:06.020820 [info ] [MainThread]: Running with dbt=1.8.9
[0m19:30:06.028336 [debug] [MainThread]: running dbt with arguments {'printer_width': '80', 'indirect_selection': 'eager', 'write_json': 'True', 'log_cache_events': 'False', 'partial_parse': 'True', 'cache_selected_only': 'False', 'warn_error': 'None', 'version_check': 'True', 'profiles_dir': 'C:\\Users\\fajri\\.dbt', 'log_path': 'logs', 'debug': 'False', 'fail_fast': 'False', 'use_colors': 'True', 'use_experimental_parser': 'False', 'empty': 'None', 'quiet': 'False', 'no_print': 'None', 'log_format': 'default', 'invocation_command': 'dbt init', 'warn_error_options': 'WarnErrorOptions(include=[], exclude=[])', 'static_parser': 'True', 'target_path': 'None', 'introspect': 'True', 'send_anonymous_usage_stats': 'True'}
[0m19:30:17.706086 [info ] [MainThread]: A project called amazon_datawarehouse already exists here.
[0m19:30:17.706086 [debug] [MainThread]: Command `dbt init` succeeded at 19:30:17.706086 after 12.06 seconds
[0m19:30:17.719489 [debug] [MainThread]: Sending event: {'category': 'dbt', 'action': 'invocation', 'label': 'end', 'context': [<snowplow_tracker.self_describing_json.SelfDescribingJson object at 0x0000023B6CC88080>, <snowplow_tracker.self_describing_json.SelfDescribingJson object at 0x0000023B6A921C10>, <snowplow_tracker.self_describing_json.SelfDescribingJson object at 0x0000023B6D88AB70>]}
[0m19:30:17.720588 [debug] [MainThread]: Flushing usage events
